This file contains any messages produced by compilers while
running configure, to aid debugging if configure makes a mistake.

It was created by fileferry configure 3.0, which was
generated by GNU Autoconf 2.71.  Invocation command line was

  $ ./configure

## --------- ##
## Platform. ##
## --------- ##

hostname = bedroom1
uname -m = x86_64
uname -r = 5.15.0-118-generic
uname -s = Linux
uname -v = #128-Ubuntu SMP Fri Jul 5 09:28:59 UTC 2024

/usr/bin/uname -p = x86_64
/bin/uname -X     = unknown

/bin/arch              = x86_64
/usr/bin/arch -k       = unknown
/usr/convex/getsysinfo = unknown
/usr/bin/hostinfo      = unknown
/bin/machine           = unknown
/usr/bin/oslevel       = unknown
/bin/universe          = unknown

PATH: ~/bin/
PATH: /home/user1/bin/
PATH: /usr/local/sbin/
PATH: /usr/local/bin/
PATH: /usr/sbin/
PATH: /usr/bin/
PATH: /sbin/
PATH: /bin/
PATH: /usr/games/
PATH: /usr/local/games/
PATH: /snap/bin/


## ----------- ##
## Core tests. ##
## ----------- ##

configure:2301: checking for gcc
configure:2322: found /usr/bin/gcc
configure:2333: result: gcc
configure:2686: checking for C compiler version
configure:2695: gcc --version >&5
gcc (Ubuntu 11.4.0-1ubuntu1~22.04) 11.4.0
Copyright (C) 2021 Free Software Foundation, Inc.
This is free software; see the source for copying conditions.  There is NO
warranty; not even for MERCHANTABILITY or FITNESS FOR A PARTICULAR PURPOSE.

configure:2706: $? = 0
configure:2695: gcc -v >&5
Using built-in specs.
COLLECT_GCC=gcc
COLLECT_LTO_WRAPPER=/usr/lib/gcc/x86_64-linux-gnu/11/lto-wrapper
OFFLOAD_TARGET_NAMES=nvptx-none:amdgcn-amdhsa
OFFLOAD_TARGET_DEFAULT=1
Target: x86_64-linux-gnu
Configured with: ../src/configure -v --with-pkgversion='Ubuntu 11.4.0-1ubuntu1~22.04' --with-bugurl=file:///usr/share/doc/gcc-11/README.Bugs --enable-languages=c,ada,c++,go,brig,d,fortran,objc,obj-c++,m2 --prefix=/usr --with-gcc-major-version-only --program-suffix=-11 --program-prefix=x86_64-linux-gnu- --enable-shared --enable-linker-build-id --libexecdir=/usr/lib --without-included-gettext --enable-threads=posix --libdir=/usr/lib --enable-nls --enable-bootstrap --enable-clocale=gnu --enable-libstdcxx-debug --enable-libstdcxx-time=yes --with-default-libstdcxx-abi=new --enable-gnu-unique-object --disable-vtable-verify --enable-plugin --enable-default-pie --with-system-zlib --enable-libphobos-checking=release --with-target-system-zlib=auto --enable-objc-gc=auto --enable-multiarch --disable-werror --enable-cet --with-arch-32=i686 --with-abi=m64 --with-multilib-list=m32,m64,mx32 --enable-multilib --with-tune=generic --enable-offload-targets=nvptx-none=/build/gcc-11-XeT9lY/gcc-11-11.4.0/debian/tmp-nvptx/usr,amdgcn-amdhsa=/build/gcc-11-XeT9lY/gcc-11-11.4.0/debian/tmp-gcn/usr --without-cuda-driver --enable-checking=release --build=x86_64-linux-gnu --host=x86_64-linux-gnu --target=x86_64-linux-gnu --with-build-config=bootstrap-lto-lean --enable-link-serialization=2
Thread model: posix
Supported LTO compression algorithms: zlib zstd
gcc version 11.4.0 (Ubuntu 11.4.0-1ubuntu1~22.04) 
... rest of stderr output deleted ...
configure:2706: $? = 0
configure:2695: gcc -V >&5
gcc: error: unrecognized command-line option '-V'
gcc: fatal error: no input files
compilation terminated.
configure:2706: $? = 1
configure:2695: gcc -qversion >&5
gcc: error: unrecognized command-line option '-qversion'; did you mean '--version'?
gcc: fatal error: no input files
compilation terminated.
configure:2706: $? = 1
configure:2695: gcc -version >&5
gcc: error: unrecognized command-line option '-version'
gcc: fatal error: no input files
compilation terminated.
configure:2706: $? = 1
configure:2726: checking whether the C compiler works
configure:2748: gcc    conftest.c  >&5
configure:2752: $? = 0
configure:2802: result: yes
configure:2805: checking for C compiler default output file name
configure:2807: result: a.out
configure:2813: checking for suffix of executables
configure:2820: gcc -o conftest    conftest.c  >&5
configure:2824: $? = 0
configure:2847: result: 
configure:2869: checking whether we are cross compiling
configure:2877: gcc -o conftest    conftest.c  >&5
configure:2881: $? = 0
configure:2888: ./conftest
configure:2892: $? = 0
configure:2907: result: no
configure:2912: checking for suffix of object files
configure:2935: gcc -c   conftest.c >&5
configure:2939: $? = 0
configure:2961: result: o
configure:2965: checking whether the compiler supports GNU C
configure:2985: gcc -c   conftest.c >&5
configure:2985: $? = 0
configure:2995: result: yes
configure:3006: checking whether gcc accepts -g
configure:3027: gcc -c -g  conftest.c >&5
configure:3027: $? = 0
configure:3071: result: yes
configure:3091: checking for gcc option to enable C11 features
configure:3106: gcc  -c -g -O2  conftest.c >&5
configure:3106: $? = 0
configure:3124: result: none needed
configure:3240: checking whether make sets $(MAKE)
configure:3263: result: yes
configure:3277: checking for stdio.h
configure:3277: gcc -c -g -O2  conftest.c >&5
configure:3277: $? = 0
configure:3277: result: yes
configure:3277: checking for stdlib.h
configure:3277: gcc -c -g -O2  conftest.c >&5
configure:3277: $? = 0
configure:3277: result: yes
configure:3277: checking for string.h
configure:3277: gcc -c -g -O2  conftest.c >&5
configure:3277: $? = 0
configure:3277: result: yes
configure:3277: checking for inttypes.h
configure:3277: gcc -c -g -O2  conftest.c >&5
configure:3277: $? = 0
configure:3277: result: yes
configure:3277: checking for stdint.h
configure:3277: gcc -c -g -O2  conftest.c >&5
configure:3277: $? = 0
configure:3277: result: yes
configure:3277: checking for strings.h
configure:3277: gcc -c -g -O2  conftest.c >&5
configure:3277: $? = 0
configure:3277: result: yes
configure:3277: checking for sys/stat.h
configure:3277: gcc -c -g -O2  conftest.c >&5
configure:3277: $? = 0
configure:3277: result: yes
configure:3277: checking for sys/types.h
configure:3277: gcc -c -g -O2  conftest.c >&5
configure:3277: $? = 0
configure:3277: result: yes
configure:3277: checking for unistd.h
configure:3277: gcc -c -g -O2  conftest.c >&5
configure:3277: $? = 0
configure:3277: result: yes
configure:3302: checking for grep that handles long lines and -e
configure:3366: result: /usr/bin/grep
configure:3374: checking for egrep
configure:3442: result: /usr/bin/grep -E
configure:3456: checking for special C compiler options needed for large files
configure:3504: result: no
configure:3510: checking for _FILE_OFFSET_BITS value needed for large files
configure:3536: gcc -c -g -O2  conftest.c >&5
configure:3536: $? = 0
configure:3570: result: no
configure:3662: checking for deflate in -lz
configure:3685: gcc -o conftest -g -O2   conftest.c -lz   >&5
/usr/bin/ld: cannot find -lz: No such file or directory
collect2: error: ld returned 1 exit status
configure:3685: $? = 1
configure: failed program was:
| /* confdefs.h */
| #define PACKAGE_NAME "fileferry"
| #define PACKAGE_TARNAME "fileferry"
| #define PACKAGE_VERSION "3.0"
| #define PACKAGE_STRING "fileferry 3.0"
| #define PACKAGE_BUGREPORT ""
| #define PACKAGE_URL ""
| #define HAVE_STDIO_H 1
| #define HAVE_STDLIB_H 1
| #define HAVE_STRING_H 1
| #define HAVE_INTTYPES_H 1
| #define HAVE_STDINT_H 1
| #define HAVE_STRINGS_H 1
| #define HAVE_SYS_STAT_H 1
| #define HAVE_SYS_TYPES_H 1
| #define HAVE_UNISTD_H 1
| #define STDC_HEADERS 1
| /* end confdefs.h.  */
| 
| /* Override any GCC internal prototype to avoid an error.
|    Use char because int might match the return type of a GCC
|    builtin and then its argument prototype would still apply.  */
| char deflate ();
| int
| main (void)
| {
| return deflate ();
|   ;
|   return 0;
| }
configure:3695: result: no
configure:3705: checking for EVP_CIPHER_CTX_init in -lcrypto
configure:3728: gcc -o conftest -g -O2   conftest.c -lcrypto   >&5
/usr/bin/ld: /tmp/ccdQotsr.o: in function `main':
/home/user1/work/fileferry/conftest.c:27: undefined reference to `EVP_CIPHER_CTX_init'
collect2: error: ld returned 1 exit status
configure:3728: $? = 1
configure: failed program was:
| /* confdefs.h */
| #define PACKAGE_NAME "fileferry"
| #define PACKAGE_TARNAME "fileferry"
| #define PACKAGE_VERSION "3.0"
| #define PACKAGE_STRING "fileferry 3.0"
| #define PACKAGE_BUGREPORT ""
| #define PACKAGE_URL ""
| #define HAVE_STDIO_H 1
| #define HAVE_STDLIB_H 1
| #define HAVE_STRING_H 1
| #define HAVE_INTTYPES_H 1
| #define HAVE_STDINT_H 1
| #define HAVE_STRINGS_H 1
| #define HAVE_SYS_STAT_H 1
| #define HAVE_SYS_TYPES_H 1
| #define HAVE_UNISTD_H 1
| #define STDC_HEADERS 1
| /* end confdefs.h.  */
| 
| /* Override any GCC internal prototype to avoid an error.
|    Use char because int might match the return type of a GCC
|    builtin and then its argument prototype would still apply.  */
| char EVP_CIPHER_CTX_init ();
| int
| main (void)
| {
| return EVP_CIPHER_CTX_init ();
|   ;
|   return 0;
| }
configure:3738: result: no
configure:3748: checking for SSL_library_init in -lssl
configure:3771: gcc -o conftest -g -O2   conftest.c -lssl   >&5
/usr/bin/ld: /tmp/ccVDNoE4.o: in function `main':
/home/user1/work/fileferry/conftest.c:27: undefined reference to `SSL_library_init'
collect2: error: ld returned 1 exit status
configure:3771: $? = 1
configure: failed program was:
| /* confdefs.h */
| #define PACKAGE_NAME "fileferry"
| #define PACKAGE_TARNAME "fileferry"
| #define PACKAGE_VERSION "3.0"
| #define PACKAGE_STRING "fileferry 3.0"
| #define PACKAGE_BUGREPORT ""
| #define PACKAGE_URL ""
| #define HAVE_STDIO_H 1
| #define HAVE_STDLIB_H 1
| #define HAVE_STRING_H 1
| #define HAVE_INTTYPES_H 1
| #define HAVE_STDINT_H 1
| #define HAVE_STRINGS_H 1
| #define HAVE_SYS_STAT_H 1
| #define HAVE_SYS_TYPES_H 1
| #define HAVE_UNISTD_H 1
| #define STDC_HEADERS 1
| /* end confdefs.h.  */
| 
| /* Override any GCC internal prototype to avoid an error.
|    Use char because int might match the return type of a GCC
|    builtin and then its argument prototype would still apply.  */
| char SSL_library_init ();
| int
| main (void)
| {
| return SSL_library_init ();
|   ;
|   return 0;
| }
configure:3781: result: no
configure:3791: checking for cap_init in -lcap
configure:3814: gcc -o conftest -g -O2   conftest.c -lcap   >&5
/usr/bin/ld: cannot find -lcap: No such file or directory
collect2: error: ld returned 1 exit status
configure:3814: $? = 1
configure: failed program was:
| /* confdefs.h */
| #define PACKAGE_NAME "fileferry"
| #define PACKAGE_TARNAME "fileferry"
| #define PACKAGE_VERSION "3.0"
| #define PACKAGE_STRING "fileferry 3.0"
| #define PACKAGE_BUGREPORT ""
| #define PACKAGE_URL ""
| #define HAVE_STDIO_H 1
| #define HAVE_STDLIB_H 1
| #define HAVE_STRING_H 1
| #define HAVE_INTTYPES_H 1
| #define HAVE_STDINT_H 1
| #define HAVE_STRINGS_H 1
| #define HAVE_SYS_STAT_H 1
| #define HAVE_SYS_TYPES_H 1
| #define HAVE_UNISTD_H 1
| #define STDC_HEADERS 1
| /* end confdefs.h.  */
| 
| /* Override any GCC internal prototype to avoid an error.
|    Use char because int might match the return type of a GCC
|    builtin and then its argument prototype would still apply.  */
| char cap_init ();
| int
| main (void)
| {
| return cap_init ();
|   ;
|   return 0;
| }
configure:3824: result: no
configure:3839: checking for GetToken in -lUseful-5
configure:3862: gcc -o conftest -g -O2   conftest.c -lUseful-5   >&5
configure:3862: $? = 0
configure:3872: result: yes
configure:3883: checking for libUseful-5/libUseful.h
configure:3883: gcc -c -g -O2  conftest.c >&5
configure:3883: $? = 0
configure:3883: result: yes
configure:3949: checking for GetToken in -lUseful-5
configure:3982: result: yes
configure:4194: creating ./config.status

## ---------------------- ##
## Running config.status. ##
## ---------------------- ##

This file was extended by fileferry config.status 3.0, which was
generated by GNU Autoconf 2.71.  Invocation command line was

  CONFIG_FILES    = 
  CONFIG_HEADERS  = 
  CONFIG_LINKS    = 
  CONFIG_COMMANDS = 
  $ ./config.status 

on bedroom1

config.status:719: creating Makefile
configure:5481: creating ./config.status

## ---------------------- ##
## Running config.status. ##
## ---------------------- ##

This file was extended by fileferry config.status 3.0, which was
generated by GNU Autoconf 2.71.  Invocation command line was

  CONFIG_FILES    = 
  CONFIG_HEADERS  = 
  CONFIG_LINKS    = 
  CONFIG_COMMANDS = 
  $ ./config.status 

on bedroom1

config.status:720: creating Makefile
config.status:720: creating filestore_drivers/Makefile

## ---------------- ##
## Cache variables. ##
## ---------------- ##

ac_cv_c_compiler_gnu=yes
ac_cv_env_CC_set=
ac_cv_env_CC_value=
ac_cv_env_CFLAGS_set=
ac_cv_env_CFLAGS_value=
ac_cv_env_CPPFLAGS_set=
ac_cv_env_CPPFLAGS_value=
ac_cv_env_LDFLAGS_set=
ac_cv_env_LDFLAGS_value=
ac_cv_env_LIBS_set=
ac_cv_env_LIBS_value=
ac_cv_env_build_alias_set=
ac_cv_env_build_alias_value=
ac_cv_env_host_alias_set=
ac_cv_env_host_alias_value=
ac_cv_env_target_alias_set=
ac_cv_env_target_alias_value=
ac_cv_header_inttypes_h=yes
ac_cv_header_libUseful_5_libUseful_h=yes
ac_cv_header_stdint_h=yes
ac_cv_header_stdio_h=yes
ac_cv_header_stdlib_h=yes
ac_cv_header_string_h=yes
ac_cv_header_strings_h=yes
ac_cv_header_sys_stat_h=yes
ac_cv_header_sys_types_h=yes
ac_cv_header_unistd_h=yes
ac_cv_lib_Useful_5_GetToken=yes
ac_cv_lib_cap_cap_init=no
ac_cv_lib_crypto_EVP_CIPHER_CTX_init=no
ac_cv_lib_ssl_SSL_library_init=no
ac_cv_lib_z_deflate=no
ac_cv_objext=o
ac_cv_path_EGREP='/usr/bin/grep -E'
ac_cv_path_GREP=/usr/bin/grep
ac_cv_prog_ac_ct_CC=gcc
ac_cv_prog_cc_c11=
ac_cv_prog_cc_g=yes
ac_cv_prog_cc_stdc=
ac_cv_prog_make_make_set=yes
ac_cv_sys_file_offset_bits=no
ac_cv_sys_largefile_CC=no

## ----------------- ##
## Output variables. ##
## ----------------- ##

CC='gcc'
CFLAGS='-g -O2'
CPPFLAGS=''
DEFS='-DPACKAGE_NAME=\"fileferry\" -DPACKAGE_TARNAME=\"fileferry\" -DPACKAGE_VERSION=\"3.0\" -DPACKAGE_STRING=\"fileferry\ 3.0\" -DPACKAGE_BUGREPORT=\"\" -DPACKAGE_URL=\"\" -DHAVE_STDIO_H=1 -DHAVE_STDLIB_H=1 -DHAVE_STRING_H=1 -DHAVE_INTTYPES_H=1 -DHAVE_STDINT_H=1 -DHAVE_STRINGS_H=1 -DHAVE_SYS_STAT_H=1 -DHAVE_SYS_TYPES_H=1 -DHAVE_UNISTD_H=1 -DSTDC_HEADERS=1 -DHAVE_LIBUSEFUL_5_LIBUSEFUL_H=1 -DHAVE_LIBUSEFUL_5=1'
ECHO_C=''
ECHO_N='-n'
ECHO_T=''
EGREP='/usr/bin/grep -E'
EXEEXT=''
GREP='/usr/bin/grep'
LDFLAGS=''
LIBOBJS=''
LIBS='-lUseful-5 '
LIBUSEFUL_BUNDLED=''
LTLIBOBJS=''
OBJEXT='o'
PACKAGE_BUGREPORT=''
PACKAGE_NAME='fileferry'
PACKAGE_STRING='fileferry 3.0'
PACKAGE_TARNAME='fileferry'
PACKAGE_URL=''
PACKAGE_VERSION='3.0'
PATH_SEPARATOR=':'
SET_MAKE=''
SHELL='/bin/bash'
ac_ct_CC='gcc'
bindir='${exec_prefix}/bin'
build_alias=''
datadir='${datarootdir}'
datarootdir='${prefix}/share'
docdir='${datarootdir}/doc/${PACKAGE_TARNAME}'
dvidir='${docdir}'
exec_prefix='${prefix}'
host_alias=''
htmldir='${docdir}'
includedir='${prefix}/include'
infodir='${datarootdir}/info'
libdir='${exec_prefix}/lib'
libexecdir='${exec_prefix}/libexec'
localedir='${datarootdir}/locale'
localstatedir='${prefix}/var'
mandir='${datarootdir}/man'
oldincludedir='/usr/include'
pdfdir='${docdir}'
prefix='/usr/local'
program_transform_name='s,x,x,'
psdir='${docdir}'
runstatedir='${localstatedir}/run'
sbindir='${exec_prefix}/sbin'
sharedstatedir='${prefix}/com'
subdirs=''
sysconfdir='${prefix}/etc'
target_alias=''

## ----------- ##
## confdefs.h. ##
## ----------- ##

/* confdefs.h */
#define PACKAGE_NAME "fileferry"
#define PACKAGE_TARNAME "fileferry"
#define PACKAGE_VERSION "3.0"
#define PACKAGE_STRING "fileferry 3.0"
#define PACKAGE_BUGREPORT ""
#define PACKAGE_URL ""
#define HAVE_STDIO_H 1
#define HAVE_STDLIB_H 1
#define HAVE_STRING_H 1
#define HAVE_INTTYPES_H 1
#define HAVE_STDINT_H 1
#define HAVE_STRINGS_H 1
#define HAVE_SYS_STAT_H 1
#define HAVE_SYS_TYPES_H 1
#define HAVE_UNISTD_H 1
#define STDC_HEADERS 1
#define HAVE_LIBUSEFUL_5_LIBUSEFUL_H 1
#define HAVE_LIBUSEFUL_5 1

configure: exit 0
